::1 - - [14/Nov/2025:22:08:55 -0500] "GET / HTTP/1.1" 200 7155
::1 - - [14/Nov/2025:22:08:55 -0500] "GET /SL2S_Functions.js HTTP/1.1" 200 3950
::1 - - [14/Nov/2025:22:08:55 -0500] "GET /favicon.ico HTTP/1.1" 404 196
::1 - - [14/Nov/2025:22:08:55 -0500] "GET /gestureModel/model.json HTTP/1.1" 200 2630
::1 - - [14/Nov/2025:22:08:55 -0500] "GET /gestureModel/group1-shard1of1.bin HTTP/1.1" 200 115060
::1 - - [14/Nov/2025:22:08:55 -0500] "GET /gestureMap.json HTTP/1.1" 200 470
::1 - - [14/Nov/2025:22:08:55 -0500] "GET /scaler_stats.json HTTP/1.1" 200 2647
::1 - - [15/Nov/2025:16:07:46 -0500] "GET / HTTP/1.1" 200 7155
::1 - - [15/Nov/2025:16:07:47 -0500] "GET /SL2S_Functions.js HTTP/1.1" 200 3950
::1 - - [15/Nov/2025:16:07:47 -0500] "GET /gestureModel/model.json HTTP/1.1" 200 2630
::1 - - [15/Nov/2025:16:07:47 -0500] "GET /gestureModel/group1-shard1of1.bin HTTP/1.1" 200 115060
::1 - - [15/Nov/2025:16:07:47 -0500] "GET /gestureMap.json HTTP/1.1" 200 470
::1 - - [15/Nov/2025:16:07:47 -0500] "GET /scaler_stats.json HTTP/1.1" 200 2647
::1 - - [15/Nov/2025:16:07:51 -0500] "GET /TTSRecordings/J.wav HTTP/1.1" 206 39932
::1 - - [15/Nov/2025:16:07:51 -0500] "GET /favicon.ico HTTP/1.1" 404 196
::1 - - [15/Nov/2025:16:07:53 -0500] "GET /TTSRecordings/U.wav HTTP/1.1" 206 42578
::1 - - [15/Nov/2025:16:07:55 -0500] "GET /TTSRecordings/V.wav HTTP/1.1" 206 39712
::1 - - [15/Nov/2025:16:31:09 -0500] "GET / HTTP/1.1" 200 7155
::1 - - [15/Nov/2025:16:31:09 -0500] "GET /SL2S_Functions.js HTTP/1.1" 200 3950
::1 - - [15/Nov/2025:16:31:09 -0500] "GET /gestureModel/model.json HTTP/1.1" 200 2630
::1 - - [15/Nov/2025:16:31:09 -0500] "GET /favicon.ico HTTP/1.1" 404 196
::1 - - [15/Nov/2025:16:31:09 -0500] "GET /gestureModel/group1-shard1of1.bin HTTP/1.1" 200 115060
::1 - - [15/Nov/2025:16:31:09 -0500] "GET /gestureMap.json HTTP/1.1" 200 470
::1 - - [15/Nov/2025:16:31:09 -0500] "GET /scaler_stats.json HTTP/1.1" 200 2647
::1 - - [15/Nov/2025:16:31:53 -0500] "GET /TTSRecordings/Nice%20to%20meet%20you!.wav HTTP/1.1" 206 61096
::1 - - [15/Nov/2025:16:31:53 -0500] "GET /favicon.ico HTTP/1.1" 404 196
::1 - - [15/Nov/2025:17:19:48 -0500] "GET /SL2S_Functions.js HTTP/1.1" 200 3950
::1 - - [15/Nov/2025:17:19:48 -0500] "GET /gestureModel/model.json HTTP/1.1" 200 2630
::1 - - [15/Nov/2025:17:19:48 -0500] "GET /gestureModel/group1-shard1of1.bin HTTP/1.1" 200 115060
::1 - - [15/Nov/2025:17:19:48 -0500] "GET /gestureMap.json HTTP/1.1" 200 470
::1 - - [15/Nov/2025:17:19:48 -0500] "GET /scaler_stats.json HTTP/1.1" 200 2647
::1 - - [15/Nov/2025:18:03:59 -0500] "GET / HTTP/1.1" 200 7155
::1 - - [15/Nov/2025:18:04:37 -0500] "GET / HTTP/1.1" 200 7155
::1 - - [15/Nov/2025:18:06:08 -0500] "HEAD / HTTP/1.1" 200 -
::1 - - [15/Nov/2025:18:08:37 -0500] "PUT / HTTP/1.1" 405 220
::1 - - [15/Nov/2025:18:09:22 -0500] "OPTIONS / HTTP/1.1" 405 224
::1 - - [15/Nov/2025:18:09:50 -0500] "TRACE / HTTP/1.1" 200 75
::1 - - [15/Nov/2025:18:12:16 -0500] "HEAD / HTTP/1.1" 200 -
::1 - - [15/Nov/2025:18:22:07 -0500] "HEAD / HTTP/1.1" 200 -
::1 - - [15/Nov/2025:18:24:41 -0500] "HEAD / HTTP/1.1" 200 -
::1 - - [15/Nov/2025:18:26:48 -0500] "TRACE / HTTP/1.1" 405 222
::1 - - [23/Nov/2025:16:03:38 -0500] "GET / HTTP/1.1" 200 4755
::1 - - [23/Nov/2025:16:03:39 -0500] "GET /SL2S_Functions.js HTTP/1.1" 200 7917
::1 - - [23/Nov/2025:16:03:39 -0500] "GET /favicon.ico HTTP/1.1" 404 196
::1 - - [23/Nov/2025:16:03:39 -0500] "GET /scaler_stats.json HTTP/1.1" 200 2647
::1 - - [23/Nov/2025:16:03:39 -0500] "GET /gestureModel/model.json HTTP/1.1" 200 2630
::1 - - [23/Nov/2025:16:03:39 -0500] "GET /gestureModel/group1-shard1of1.bin HTTP/1.1" 200 115060
::1 - - [23/Nov/2025:16:03:39 -0500] "GET /gestureMap.json HTTP/1.1" 200 470
::1 - - [23/Nov/2025:16:03:41 -0500] "GET /TTSRecordings/C.wav HTTP/1.1" 206 41476
::1 - - [23/Nov/2025:16:03:41 -0500] "GET /favicon.ico HTTP/1.1" 404 196
::1 - - [23/Nov/2025:16:03:43 -0500] "GET /TTSRecordings/F.wav HTTP/1.1" 206 41696
::1 - - [23/Nov/2025:16:03:44 -0500] "GET /TTSRecordings/G.wav HTTP/1.1" 206 39932
::1 - - [23/Nov/2025:16:03:45 -0500] "GET /TTSRecordings/H.wav HTTP/1.1" 206 43460
::1 - - [23/Nov/2025:16:07:50 -0500] "GET / HTTP/1.1" 200 4755
::1 - - [23/Nov/2025:16:07:50 -0500] "GET /SL2S_Functions.js HTTP/1.1" 200 7917
::1 - - [23/Nov/2025:16:07:50 -0500] "GET /favicon.ico HTTP/1.1" 404 196
::1 - - [23/Nov/2025:16:07:50 -0500] "GET /scaler_stats.json HTTP/1.1" 200 2647
::1 - - [23/Nov/2025:16:07:50 -0500] "GET /gestureModel/model.json HTTP/1.1" 200 2630
::1 - - [23/Nov/2025:16:07:50 -0500] "GET /gestureModel/group1-shard1of1.bin HTTP/1.1" 200 115060
::1 - - [23/Nov/2025:16:07:50 -0500] "GET /gestureMap.json HTTP/1.1" 200 470
::1 - - [23/Nov/2025:16:07:52 -0500] "GET /TTSRecordings/You're%20welcome.wav HTTP/1.1" 206 55802
::1 - - [23/Nov/2025:16:07:52 -0500] "GET /favicon.ico HTTP/1.1" 404 196
::1 - - [23/Nov/2025:16:18:33 -0500] "GET /GRecord/ HTTP/1.1" 200 6522
::1 - - [23/Nov/2025:16:18:33 -0500] "GET /SL2S_Functions.js HTTP/1.1" 200 7917
::1 - - [23/Nov/2025:16:18:34 -0500] "GET /favicon.ico HTTP/1.1" 404 196
::1 - - [23/Nov/2025:16:18:54 -0500] "GET /GRecord/ HTTP/1.1" 200 6522
::1 - - [23/Nov/2025:16:18:54 -0500] "GET /SL2S_Functions.js HTTP/1.1" 200 7917
::1 - - [23/Nov/2025:16:33:22 -0500] "GET / HTTP/1.1" 200 4755
::1 - - [23/Nov/2025:16:33:22 -0500] "GET /SL2S_Functions.js HTTP/1.1" 200 7917
::1 - - [23/Nov/2025:16:33:23 -0500] "GET /scaler_stats.json HTTP/1.1" 200 2647
::1 - - [23/Nov/2025:16:33:23 -0500] "GET /gestureModel/model.json HTTP/1.1" 200 2630
::1 - - [23/Nov/2025:16:33:23 -0500] "GET /gestureModel/group1-shard1of1.bin HTTP/1.1" 200 115060
::1 - - [23/Nov/2025:16:33:23 -0500] "GET /gestureMap.json HTTP/1.1" 200 470
::1 - - [23/Nov/2025:16:34:45 -0500] "GET / HTTP/1.1" 200 4755
::1 - - [23/Nov/2025:16:34:45 -0500] "GET /scaler_stats.json HTTP/1.1" 200 2647
::1 - - [23/Nov/2025:16:34:45 -0500] "GET /gestureModel/model.json HTTP/1.1" 200 2630
::1 - - [23/Nov/2025:16:34:45 -0500] "GET /gestureModel/group1-shard1of1.bin HTTP/1.1" 200 115060
::1 - - [23/Nov/2025:16:34:45 -0500] "GET /gestureMap.json HTTP/1.1" 200 470
::1 - - [23/Nov/2025:16:34:50 -0500] "GET /TTSRecordings/J.wav HTTP/1.1" 206 39932
::1 - - [23/Nov/2025:16:34:50 -0500] "GET /favicon.ico HTTP/1.1" 404 196
::1 - - [23/Nov/2025:16:34:52 -0500] "GET /TTSRecordings/Thank%20you!.wav HTTP/1.1" 206 48530
::1 - - [23/Nov/2025:16:34:53 -0500] "GET /TTSRecordings/How%20are%20you.wav HTTP/1.1" 206 51836
::1 - - [23/Nov/2025:16:35:02 -0500] "GET /TTSRecordings/You're%20welcome.wav HTTP/1.1" 206 55802
::1 - - [23/Nov/2025:16:35:34 -0500] "GET /TTSRecordings/Thank%20you!.wav HTTP/1.1" 206 48530
::1 - - [23/Nov/2025:16:35:52 -0500] "GET /TTSRecordings/How%20are%20you.wav HTTP/1.1" 206 51836
::1 - - [23/Nov/2025:16:35:56 -0500] "GET /TTSRecordings/Thank%20you!.wav HTTP/1.1" 206 48530
::1 - - [23/Nov/2025:16:36:04 -0500] "GET /TTSRecordings/You're%20welcome.wav HTTP/1.1" 206 55802
::1 - - [23/Nov/2025:16:36:06 -0500] "GET /TTSRecordings/How%20are%20you.wav HTTP/1.1" 206 51836
::1 - - [23/Nov/2025:16:36:10 -0500] "GET /TTSRecordings/Thank%20you!.wav HTTP/1.1" 206 48530
::1 - - [23/Nov/2025:16:36:11 -0500] "GET /TTSRecordings/How%20are%20you.wav HTTP/1.1" 206 51836
::1 - - [23/Nov/2025:16:36:13 -0500] "GET / HTTP/1.1" 200 4755
::1 - - [23/Nov/2025:16:36:13 -0500] "GET /scaler_stats.json HTTP/1.1" 200 2647
::1 - - [23/Nov/2025:16:36:13 -0500] "GET /gestureModel/model.json HTTP/1.1" 200 2630
::1 - - [23/Nov/2025:16:36:13 -0500] "GET /gestureModel/group1-shard1of1.bin HTTP/1.1" 200 115060
::1 - - [23/Nov/2025:16:36:13 -0500] "GET /gestureMap.json HTTP/1.1" 200 470
::1 - - [23/Nov/2025:16:36:14 -0500] "GET /TTSRecordings/How%20are%20you.wav HTTP/1.1" 206 51836
::1 - - [23/Nov/2025:16:36:14 -0500] "GET /favicon.ico HTTP/1.1" 404 196
