[14/Nov/2025:22:08:55 -0500] ::1 TLSv1.3 TLS_AES_256_GCM_SHA384 "GET / HTTP/1.1" 7155
[14/Nov/2025:22:08:55 -0500] ::1 TLSv1.3 TLS_AES_256_GCM_SHA384 "GET /SL2S_Functions.js HTTP/1.1" 3950
[14/Nov/2025:22:08:55 -0500] ::1 TLSv1.3 TLS_AES_256_GCM_SHA384 "GET /favicon.ico HTTP/1.1" 196
[14/Nov/2025:22:08:55 -0500] ::1 TLSv1.3 TLS_AES_256_GCM_SHA384 "GET /gestureModel/model.json HTTP/1.1" 2630
[14/Nov/2025:22:08:55 -0500] ::1 TLSv1.3 TLS_AES_256_GCM_SHA384 "GET /gestureModel/group1-shard1of1.bin HTTP/1.1" 115060
[14/Nov/2025:22:08:55 -0500] ::1 TLSv1.3 TLS_AES_256_GCM_SHA384 "GET /gestureMap.json HTTP/1.1" 470
[14/Nov/2025:22:08:55 -0500] ::1 TLSv1.3 TLS_AES_256_GCM_SHA384 "GET /scaler_stats.json HTTP/1.1" 2647
[15/Nov/2025:16:07:46 -0500] ::1 TLSv1.3 TLS_AES_256_GCM_SHA384 "GET / HTTP/1.1" 7155
[15/Nov/2025:16:07:47 -0500] ::1 TLSv1.3 TLS_AES_256_GCM_SHA384 "GET /SL2S_Functions.js HTTP/1.1" 3950
[15/Nov/2025:16:07:47 -0500] ::1 TLSv1.3 TLS_AES_256_GCM_SHA384 "GET /gestureModel/model.json HTTP/1.1" 2630
[15/Nov/2025:16:07:47 -0500] ::1 TLSv1.3 TLS_AES_256_GCM_SHA384 "GET /gestureModel/group1-shard1of1.bin HTTP/1.1" 115060
[15/Nov/2025:16:07:47 -0500] ::1 TLSv1.3 TLS_AES_256_GCM_SHA384 "GET /gestureMap.json HTTP/1.1" 470
[15/Nov/2025:16:07:47 -0500] ::1 TLSv1.3 TLS_AES_256_GCM_SHA384 "GET /scaler_stats.json HTTP/1.1" 2647
[15/Nov/2025:16:07:51 -0500] ::1 TLSv1.3 TLS_AES_256_GCM_SHA384 "GET /TTSRecordings/J.wav HTTP/1.1" 39932
[15/Nov/2025:16:07:51 -0500] ::1 TLSv1.3 TLS_AES_256_GCM_SHA384 "GET /favicon.ico HTTP/1.1" 196
[15/Nov/2025:16:07:53 -0500] ::1 TLSv1.3 TLS_AES_256_GCM_SHA384 "GET /TTSRecordings/U.wav HTTP/1.1" 42578
[15/Nov/2025:16:07:55 -0500] ::1 TLSv1.3 TLS_AES_256_GCM_SHA384 "GET /TTSRecordings/V.wav HTTP/1.1" 39712
[15/Nov/2025:18:04:37 -0500] ::1 TLSv1.3 TLS_AES_256_GCM_SHA384 "GET / HTTP/1.1" 7155
[15/Nov/2025:18:06:08 -0500] ::1 TLSv1.3 TLS_AES_256_GCM_SHA384 "HEAD / HTTP/1.1" -
[15/Nov/2025:18:08:37 -0500] ::1 TLSv1.3 TLS_AES_256_GCM_SHA384 "PUT / HTTP/1.1" 220
[15/Nov/2025:18:09:22 -0500] ::1 TLSv1.3 TLS_AES_256_GCM_SHA384 "OPTIONS / HTTP/1.1" 224
[15/Nov/2025:18:09:50 -0500] ::1 TLSv1.3 TLS_AES_256_GCM_SHA384 "TRACE / HTTP/1.1" 75
[15/Nov/2025:18:12:16 -0500] ::1 TLSv1.3 TLS_AES_256_GCM_SHA384 "HEAD / HTTP/1.1" -
[15/Nov/2025:18:22:07 -0500] ::1 TLSv1.3 TLS_AES_256_GCM_SHA384 "HEAD / HTTP/1.1" -
[15/Nov/2025:18:24:41 -0500] ::1 TLSv1.3 TLS_AES_256_GCM_SHA384 "HEAD / HTTP/1.1" -
[15/Nov/2025:18:26:48 -0500] ::1 TLSv1.3 TLS_AES_256_GCM_SHA384 "TRACE / HTTP/1.1" 222
[23/Nov/2025:16:03:38 -0500] ::1 TLSv1.3 TLS_AES_256_GCM_SHA384 "GET / HTTP/1.1" 4755
[23/Nov/2025:16:03:39 -0500] ::1 TLSv1.3 TLS_AES_256_GCM_SHA384 "GET /SL2S_Functions.js HTTP/1.1" 7917
[23/Nov/2025:16:03:39 -0500] ::1 TLSv1.3 TLS_AES_256_GCM_SHA384 "GET /favicon.ico HTTP/1.1" 196
[23/Nov/2025:16:03:39 -0500] ::1 TLSv1.3 TLS_AES_256_GCM_SHA384 "GET /scaler_stats.json HTTP/1.1" 2647
[23/Nov/2025:16:03:39 -0500] ::1 TLSv1.3 TLS_AES_256_GCM_SHA384 "GET /gestureModel/model.json HTTP/1.1" 2630
[23/Nov/2025:16:03:39 -0500] ::1 TLSv1.3 TLS_AES_256_GCM_SHA384 "GET /gestureModel/group1-shard1of1.bin HTTP/1.1" 115060
[23/Nov/2025:16:03:39 -0500] ::1 TLSv1.3 TLS_AES_256_GCM_SHA384 "GET /gestureMap.json HTTP/1.1" 470
[23/Nov/2025:16:03:41 -0500] ::1 TLSv1.3 TLS_AES_256_GCM_SHA384 "GET /TTSRecordings/C.wav HTTP/1.1" 41476
[23/Nov/2025:16:03:41 -0500] ::1 TLSv1.3 TLS_AES_256_GCM_SHA384 "GET /favicon.ico HTTP/1.1" 196
[23/Nov/2025:16:03:43 -0500] ::1 TLSv1.3 TLS_AES_256_GCM_SHA384 "GET /TTSRecordings/F.wav HTTP/1.1" 41696
[23/Nov/2025:16:03:44 -0500] ::1 TLSv1.3 TLS_AES_256_GCM_SHA384 "GET /TTSRecordings/G.wav HTTP/1.1" 39932
[23/Nov/2025:16:03:45 -0500] ::1 TLSv1.3 TLS_AES_256_GCM_SHA384 "GET /TTSRecordings/H.wav HTTP/1.1" 43460
[23/Nov/2025:16:07:50 -0500] ::1 TLSv1.3 TLS_AES_256_GCM_SHA384 "GET / HTTP/1.1" 4755
[23/Nov/2025:16:07:50 -0500] ::1 TLSv1.3 TLS_AES_256_GCM_SHA384 "GET /SL2S_Functions.js HTTP/1.1" 7917
[23/Nov/2025:16:07:50 -0500] ::1 TLSv1.3 TLS_AES_256_GCM_SHA384 "GET /favicon.ico HTTP/1.1" 196
[23/Nov/2025:16:07:50 -0500] ::1 TLSv1.3 TLS_AES_256_GCM_SHA384 "GET /scaler_stats.json HTTP/1.1" 2647
[23/Nov/2025:16:07:50 -0500] ::1 TLSv1.3 TLS_AES_256_GCM_SHA384 "GET /gestureModel/model.json HTTP/1.1" 2630
[23/Nov/2025:16:07:50 -0500] ::1 TLSv1.3 TLS_AES_256_GCM_SHA384 "GET /gestureModel/group1-shard1of1.bin HTTP/1.1" 115060
[23/Nov/2025:16:07:50 -0500] ::1 TLSv1.3 TLS_AES_256_GCM_SHA384 "GET /gestureMap.json HTTP/1.1" 470
[23/Nov/2025:16:07:52 -0500] ::1 TLSv1.3 TLS_AES_256_GCM_SHA384 "GET /TTSRecordings/You're%20welcome.wav HTTP/1.1" 55802
[23/Nov/2025:16:07:52 -0500] ::1 TLSv1.3 TLS_AES_256_GCM_SHA384 "GET /favicon.ico HTTP/1.1" 196
[23/Nov/2025:16:18:33 -0500] ::1 TLSv1.3 TLS_AES_256_GCM_SHA384 "GET /GRecord/ HTTP/1.1" 6522
[23/Nov/2025:16:18:33 -0500] ::1 TLSv1.3 TLS_AES_256_GCM_SHA384 "GET /SL2S_Functions.js HTTP/1.1" 7917
[23/Nov/2025:16:18:34 -0500] ::1 TLSv1.3 TLS_AES_256_GCM_SHA384 "GET /favicon.ico HTTP/1.1" 196
[23/Nov/2025:16:18:54 -0500] ::1 TLSv1.3 TLS_AES_256_GCM_SHA384 "GET /GRecord/ HTTP/1.1" 6522
[23/Nov/2025:16:18:54 -0500] ::1 TLSv1.3 TLS_AES_256_GCM_SHA384 "GET /SL2S_Functions.js HTTP/1.1" 7917
[23/Nov/2025:16:33:22 -0500] ::1 TLSv1.3 TLS_AES_256_GCM_SHA384 "GET / HTTP/1.1" 4755
[23/Nov/2025:16:33:22 -0500] ::1 TLSv1.3 TLS_AES_256_GCM_SHA384 "GET /SL2S_Functions.js HTTP/1.1" 7917
[23/Nov/2025:16:33:23 -0500] ::1 TLSv1.3 TLS_AES_256_GCM_SHA384 "GET /scaler_stats.json HTTP/1.1" 2647
[23/Nov/2025:16:33:23 -0500] ::1 TLSv1.3 TLS_AES_256_GCM_SHA384 "GET /gestureModel/model.json HTTP/1.1" 2630
[23/Nov/2025:16:33:23 -0500] ::1 TLSv1.3 TLS_AES_256_GCM_SHA384 "GET /gestureModel/group1-shard1of1.bin HTTP/1.1" 115060
[23/Nov/2025:16:33:23 -0500] ::1 TLSv1.3 TLS_AES_256_GCM_SHA384 "GET /gestureMap.json HTTP/1.1" 470
[23/Nov/2025:16:34:45 -0500] ::1 TLSv1.3 TLS_AES_256_GCM_SHA384 "GET / HTTP/1.1" 4755
[23/Nov/2025:16:34:45 -0500] ::1 TLSv1.3 TLS_AES_256_GCM_SHA384 "GET /scaler_stats.json HTTP/1.1" 2647
[23/Nov/2025:16:34:45 -0500] ::1 TLSv1.3 TLS_AES_256_GCM_SHA384 "GET /gestureModel/model.json HTTP/1.1" 2630
[23/Nov/2025:16:34:45 -0500] ::1 TLSv1.3 TLS_AES_256_GCM_SHA384 "GET /gestureModel/group1-shard1of1.bin HTTP/1.1" 115060
[23/Nov/2025:16:34:45 -0500] ::1 TLSv1.3 TLS_AES_256_GCM_SHA384 "GET /gestureMap.json HTTP/1.1" 470
[23/Nov/2025:16:34:50 -0500] ::1 TLSv1.3 TLS_AES_256_GCM_SHA384 "GET /TTSRecordings/J.wav HTTP/1.1" 39932
[23/Nov/2025:16:34:50 -0500] ::1 TLSv1.3 TLS_AES_256_GCM_SHA384 "GET /favicon.ico HTTP/1.1" 196
[23/Nov/2025:16:34:52 -0500] ::1 TLSv1.3 TLS_AES_256_GCM_SHA384 "GET /TTSRecordings/Thank%20you!.wav HTTP/1.1" 48530
[23/Nov/2025:16:34:53 -0500] ::1 TLSv1.3 TLS_AES_256_GCM_SHA384 "GET /TTSRecordings/How%20are%20you.wav HTTP/1.1" 51836
[23/Nov/2025:16:35:02 -0500] ::1 TLSv1.3 TLS_AES_256_GCM_SHA384 "GET /TTSRecordings/You're%20welcome.wav HTTP/1.1" 55802
[23/Nov/2025:16:35:34 -0500] ::1 TLSv1.3 TLS_AES_256_GCM_SHA384 "GET /TTSRecordings/Thank%20you!.wav HTTP/1.1" 48530
[23/Nov/2025:16:35:52 -0500] ::1 TLSv1.3 TLS_AES_256_GCM_SHA384 "GET /TTSRecordings/How%20are%20you.wav HTTP/1.1" 51836
[23/Nov/2025:16:35:56 -0500] ::1 TLSv1.3 TLS_AES_256_GCM_SHA384 "GET /TTSRecordings/Thank%20you!.wav HTTP/1.1" 48530
[23/Nov/2025:16:36:04 -0500] ::1 TLSv1.3 TLS_AES_256_GCM_SHA384 "GET /TTSRecordings/You're%20welcome.wav HTTP/1.1" 55802
[23/Nov/2025:16:36:06 -0500] ::1 TLSv1.3 TLS_AES_256_GCM_SHA384 "GET /TTSRecordings/How%20are%20you.wav HTTP/1.1" 51836
[23/Nov/2025:16:36:10 -0500] ::1 TLSv1.3 TLS_AES_256_GCM_SHA384 "GET /TTSRecordings/Thank%20you!.wav HTTP/1.1" 48530
[23/Nov/2025:16:36:11 -0500] ::1 TLSv1.3 TLS_AES_256_GCM_SHA384 "GET /TTSRecordings/How%20are%20you.wav HTTP/1.1" 51836
[23/Nov/2025:16:36:13 -0500] ::1 TLSv1.3 TLS_AES_256_GCM_SHA384 "GET / HTTP/1.1" 4755
[23/Nov/2025:16:36:13 -0500] ::1 TLSv1.3 TLS_AES_256_GCM_SHA384 "GET /scaler_stats.json HTTP/1.1" 2647
[23/Nov/2025:16:36:13 -0500] ::1 TLSv1.3 TLS_AES_256_GCM_SHA384 "GET /gestureModel/model.json HTTP/1.1" 2630
[23/Nov/2025:16:36:13 -0500] ::1 TLSv1.3 TLS_AES_256_GCM_SHA384 "GET /gestureModel/group1-shard1of1.bin HTTP/1.1" 115060
[23/Nov/2025:16:36:13 -0500] ::1 TLSv1.3 TLS_AES_256_GCM_SHA384 "GET /gestureMap.json HTTP/1.1" 470
[23/Nov/2025:16:36:14 -0500] ::1 TLSv1.3 TLS_AES_256_GCM_SHA384 "GET /TTSRecordings/How%20are%20you.wav HTTP/1.1" 51836
[23/Nov/2025:16:36:14 -0500] ::1 TLSv1.3 TLS_AES_256_GCM_SHA384 "GET /favicon.ico HTTP/1.1" 196
